<?xml version="1.0" encoding="UTF-8"?>
<!-- Generated by org.testng.reporters.JUnitXMLReporter -->
<testsuite ignored="0" hostname="DESKTOP-TQ5Q620" failures="2" tests="4" name="AmazonToFirefox" time="66.951" errors="0" timestamp="2022-05-16T19:38:42 EDT">
  <testcase classname="ProTrainingTech.AutomationTrainingProgram.Browser" name="verificationoftext" time="19.376">
    <failure type="java.lang.AssertionError" message="The following asserts failed:
	expected [Please enter your email or mobile number to search for your account. it] but found [Please enter your email or mobile number to search for your account.]">
      <![CDATA[java.lang.AssertionError: The following asserts failed:
expected [Please enter your email or mobile number to search for your account. it] but found [Please enter your email or mobile number to search for your account.]
at ProTrainingTech.AutomationTrainingProgram.Browser.verificationoftext(Browser.java:61)
at java.base/java.util.ArrayList.forEach(ArrayList.java:1511)
at java.base/java.util.concurrent.FutureTask.run(FutureTask.java:264)
at java.base/java.util.concurrent.ThreadPoolExecutor.runWorker(ThreadPoolExecutor.java:1130)
at java.base/java.util.concurrent.ThreadPoolExecutor$Worker.run(ThreadPoolExecutor.java:630)
at java.base/java.lang.Thread.run(Thread.java:832)
... Removed 20 stack frames]]>
    </failure>
  </testcase> <!-- verificationoftext -->
  <testcase classname="ProTrainingTech.AutomationTrainingProgram.Browser2" name="verificationoftext" time="15.27">
    <failure type="java.lang.AssertionError" message="The following asserts failed:
	expected [Please enter your email or mobile number to search for your account. it] but found [Please enter your email or mobile number to search for your account.]">
      <![CDATA[java.lang.AssertionError: The following asserts failed:
expected [Please enter your email or mobile number to search for your account. it] but found [Please enter your email or mobile number to search for your account.]
at ProTrainingTech.AutomationTrainingProgram.Browser2.verificationoftext(Browser2.java:61)
at java.base/java.util.ArrayList.forEach(ArrayList.java:1511)
at java.base/java.util.concurrent.FutureTask.run(FutureTask.java:264)
at java.base/java.util.concurrent.ThreadPoolExecutor.runWorker(ThreadPoolExecutor.java:1130)
at java.base/java.util.concurrent.ThreadPoolExecutor$Worker.run(ThreadPoolExecutor.java:630)
at java.base/java.lang.Thread.run(Thread.java:832)
... Removed 20 stack frames]]>
    </failure>
  </testcase> <!-- verificationoftext -->
  <testcase classname="ProTrainingTech.AutomationTrainingProgram.Browser" name="f" time="0.0">
    <skipped/>
  </testcase> <!-- f -->
  <testcase classname="ProTrainingTech.AutomationTrainingProgram.Browser2" name="f" time="0.0">
    <skipped/>
  </testcase> <!-- f -->
</testsuite> <!-- AmazonToFirefox -->
